2025-10-24 17:12:55 | 8467918952 | Success | Hey Nitin! 👋 How’s it going? What are...
2025-10-24 17:13:08 | 8467918952 | Success | Hey Nitin! 👋 How’s it going? What are...
2025-10-24 17:13:17 | 8467918952 | Success | Hey Nitin! 👋 How’s it going? What are...
2025-10-24 17:13:28 | 8467948952 | Success | Hey Nitin! 👋 How’s it going? What are...
2025-10-24 17:15:21 | 8467918952 | Success | Hey Nitin! 👋 How’s it going? What are...
2025-10-24 17:15:31 | 8467918952 | Success | Hey Nitin! 👋 How’s it going? What are...
2025-10-24 17:15:42 | 8467918952 | Success | Hey Nitin! 👋 How’s it going? What are...
2025-10-24 17:15:53 | 8467918952 | Success | Hey Nitin! 👋 How’s it going? What are...
2025-10-24 18:01:37 | 8467918952 | Chat Not Ready | N/A
2025-10-25 12:44:12 | 8467918952 | Success | Hey Nitin! 👋
2025-10-25 12:44:57 | 8467918952 | Success | Hey Nitin! 👋
2025-10-25 12:45:07 | 8467918952 | Success | Hey Nitin! 👋
2025-10-25 12:45:18 | 8467918952 | Success | Hey Nitin! 👋
2025-10-25 12:45:28 | 8467918952 | Success | Hey Nitin! 👋
2025-10-25 12:46:34 | 8467918952 | Delete Fail | No Sent Messages
2025-10-25 12:46:40 | 8467918952 | Delete Fail | No Sent Messages
2025-10-25 12:46:45 | 8467918952 | Delete Fail | No Sent Messages
2025-10-25 12:46:49 | 8467918952 | Delete Fail | No Sent Messages
2025-10-25 12:48:01 | 8467918952 | Delete Fail | No Sent Messages
2025-10-25 12:54:25 | 8467918952 | Success | Hey Nitin! 👋
2025-10-25 12:54:36 | 8467918952 | Success | Hey Nitin! 👋
2025-10-25 12:54:45 | 8467918952 | Success | Hey Nitin! 👋
2025-10-25 12:54:55 | 8467918952 | Success | Hey Nitin! 👋
2025-10-25 12:55:59 | 8467918952 | Delete Fail | Not available or too late
2025-10-25 12:56:13 | 8467918952 | Delete Fail | Not available or too late
2025-10-25 12:56:28 | 8467918952 | Delete Fail | Not available or too late
2025-10-25 12:56:42 | 8467918952 | Delete Fail | Not available or too late
2025-10-25 13:07:27 | 8467918952 | Success | Hey Nitin! 👋
2025-10-25 13:07:38 | 8467918952 | Success | Hey Nitin! 👋
2025-10-25 13:07:48 | 8467918952 | Success | Hey Nitin! 👋
2025-10-25 13:07:58 | 8467918952 | Success | Hey Nitin! 👋
2025-10-25 13:08:57 | 8467918952 | Success | Hey Nitin! 👋
2025-10-25 13:09:06 | 8467918952 | Success | Hey Nitin! 👋
2025-10-25 13:09:16 | 8467918952 | Success | Hey Nitin! 👋
2025-10-25 13:09:26 | 8467918952 | Success | Hey Nitin! 👋
2025-10-25 13:10:02 | 8467918952 | Success | Hey Nitin! 👋
2025-10-25 13:10:13 | 8467918952 | Success | Hey Nitin! 👋
2025-10-25 13:10:23 | 8467918952 | Success | Hey Nitin! 👋
2025-10-25 13:10:33 | 8467918952 | Success | Hey Nitin! 👋
2025-10-25 13:14:17 | 8467918952 | Delete Fail | Not available or too late
2025-10-25 13:14:32 | 8467918952 | Delete Fail | Not available or too late
2025-10-25 13:14:51 | 8467918952 | Delete Fail | Not available or too late
2025-10-25 13:15:06 | 8467918952 | Delete Fail | Not available or too late
2025-10-25 13:20:50 | 8467918952 | Success | Hey Nitin! 👋
2025-10-25 13:21:02 | 8467918952 | Success | Hey Nitin! 👋
2025-10-25 13:21:11 | 8467918952 | Success | Hey Nitin! 👋
2025-10-25 13:21:21 | 8467918952 | Success | Hey Nitin! 👋
2025-10-25 13:22:57 | 8467918952 | Delete Fail | Not available or too late
2025-10-25 13:23:12 | 8467918952 | Delete Fail | Not available or too late
2025-10-25 13:23:26 | 8467918952 | Delete Fail | Not available or too late
2025-10-25 13:23:41 | 8467918952 | Delete Fail | Not available or too late
2025-10-25 13:28:46 | 8467918952 | Success | Hey Nitin! 👋
2025-10-25 13:28:56 | 8467918952 | Success | Hey Nitin! 👋
2025-10-25 13:29:06 | 8467918952 | Success | Hey Nitin! 👋
2025-10-25 13:29:16 | 8467918952 | Success | Hey Nitin! 👋
2025-10-25 13:31:19 | 8467918952 | Delete Fail | Not available or too late
2025-10-25 13:31:33 | 8467918952 | Delete Fail | Not available or too late
2025-10-25 13:31:51 | 8467918952 | Delete Fail | Not available or too late
2025-10-25 13:32:08 | 8467918952 | Delete Fail | Not available or too late
2025-10-25 13:54:42 | 8467918952 | Success | Hey Nitin! 👋
2025-10-25 13:54:52 | 8467918952 | Success | Hey Nitin! 👋
2025-10-25 13:55:02 | 8467918952 | Success | Hey Nitin! 👋
2025-10-25 13:55:12 | 8467918952 | Success | Hey Nitin! 👋
2025-10-25 13:55:50 | 8467918952 | Delete Fail | Not available or too late
2025-10-25 13:56:07 | 8467918952 | Delete Fail | Not available or too late
2025-10-25 13:56:24 | 8467918952 | Delete Fail | Not available or too late
2025-10-25 13:56:40 | 8467918952 | Delete Fail | Not available or too late
2025-10-25 14:11:41 | 8467918952 | Success | Hey Nitin! 👋
2025-10-25 14:11:53 | 8467918952 | Success | Hey Nitin! 👋
2025-10-25 14:12:04 | 8467918952 | Success | Hey Nitin! 👋
2025-10-25 14:12:14 | 8467918952 | Success | Hey Nitin! 👋
2025-10-25 14:32:10 | 8467918952 | Success | Hey Nitin! 👋
2025-10-25 14:32:21 | 8467918952 | Success | Hey Nitin! 👋
2025-10-25 14:32:31 | 8467918952 | Success | Hey Nitin! 👋
2025-10-25 14:32:40 | 8467918952 | Success | Hey Nitin! 👋
2025-10-25 14:33:36 | 8467918952 | Delete Fail | Not available or too late
2025-10-25 14:33:50 | 8467918952 | Delete Fail | Not available or too late
2025-10-25 14:34:05 | 8467918952 | Delete Fail | Not available or too late
2025-10-25 14:34:19 | 8467918952 | Delete Fail | Not available or too late
2025-10-25 14:39:26 | 8467918952 | Success | Hey Nitin! 👋
2025-10-25 14:39:36 | 8467918952 | Success | Hey Nitin! 👋
2025-10-25 14:39:49 | 8467918952 | Success | Hey Nitin! 👋
2025-10-25 14:40:00 | 8467918952 | Success | Hey Nitin! 👋
2025-10-25 14:42:19 | 8467918952 | Delete Fail | Button not found or too late
2025-10-25 14:42:37 | 8467918952 | Delete Fail | Button not found or too late
2025-10-25 14:42:55 | 8467918952 | Delete Fail | Button not found or too late
2025-10-25 14:43:12 | 8467918952 | Delete Fail | Button not found or too late
2025-10-25 14:51:48 | 8467918952 | Success | Hey Nitin! 👋
2025-10-25 14:51:59 | 8467918952 | Success | Hey Nitin! 👋
2025-10-25 14:52:09 | 8467918952 | Success | Hey Nitin! 👋
2025-10-25 14:52:19 | 8467918952 | Success | Hey Nitin! 👋
2025-10-25 14:53:58 | 8467918952 | Success | Hey Nitin! 👋
2025-10-25 14:54:08 | 8467918952 | Success | Hey Nitin! 👋
2025-10-25 14:54:19 | 8467918952 | Success | Hey Nitin! 👋
2025-10-25 14:54:29 | 8467918952 | Success | Hey Nitin! 👋
2025-10-25 16:09:19 | 8467918953 | Success | hi
2025-10-25 16:09:57 | 8467918952 | Success | hi
2025-10-25 16:28:31 | 8467918952 | Success | Hello, This is a sample message. Rega...
2025-10-25 16:29:36 | 8467918952 | Success | Hello, This is a sample message. Rega...
2025-10-25 16:32:04 | 8467918952 | Success | 8467918952
2025-10-25 17:11:44 | 8467918952 | Success | 444
2025-10-27 10:49:00 | 8467918952 | Success | Hi Nitin
2025-10-27 10:52:04 | 8467918952 | Success | Hi Nitin
2025-10-27 10:52:14 | 8467918952 | Success | Hi Nitin
2025-10-27 10:52:24 | 8467918952 | Success | Hi Nitin
2025-10-27 10:52:33 | 8467918952 | Success | Hi Nitin
2025-10-27 10:52:43 | 8467918952 | Success | Hi Nitin
2025-10-27 10:54:15 | 8467918952 | Success | Hi Nitin
2025-10-27 10:54:25 | 8467918952 | Success | Hi Nitin
2025-10-27 10:54:35 | 8467918952 | Success | Hi Nitin
2025-10-27 10:54:44 | 8467918952 | Success | Hi Nitin
2025-10-27 10:54:54 | 8467918952 | Success | Hi Nitin
2025-10-27 10:58:02 | 8467918952 | Success | Hi Nitin
2025-10-27 10:58:12 | 8467918952 | Success | Hi Nitin
2025-10-27 10:58:22 | 8467918952 | Success | Hi Nitin
2025-10-27 10:58:32 | 8467918952 | Success | Hi Nitin
2025-10-27 10:58:41 | 8467918952 | Success | Hi Nitin
2025-10-27 10:59:50 | 8467918952 | Delete Fail | Button/Option not found or error occu...
2025-10-27 11:00:08 | 8467918952 | Delete Fail | Button/Option not found or error occu...
2025-10-27 11:00:25 | 8467918952 | Delete Fail | Button/Option not found or error occu...
2025-10-27 11:00:43 | 8467918952 | Delete Fail | Button/Option not found or error occu...
2025-10-27 11:01:04 | 8467918952 | Delete Fail | Button/Option not found or error occu...
2025-10-27 11:07:07 | 8467918952 | Send Fail | Hi Nitin
2025-10-27 11:07:22 | 8467918952 | Send Fail | Hi Nitin
2025-10-27 11:07:37 | 8467918952 | Send Fail | Hi Nitin
2025-10-27 11:07:52 | 8467918952 | Send Fail | Hi Nitin
2025-10-27 11:11:57 | 8467918952 | Send Fail | Hi Nitin
2025-10-27 11:12:14 | 8467918952 | Send Fail | Hi Nitin
2025-10-27 11:12:28 | 8467918952 | Send Fail | Hi Nitin
2025-10-27 11:12:43 | 8467918952 | Send Fail | Hi Nitin
2025-10-27 11:18:03 | 8467918952 | Send Fail | Hi Nitin
2025-10-27 11:18:19 | 8467918952 | Send Fail | Hi Nitin
2025-10-27 11:18:35 | 8467918952 | Send Fail | Hi Nitin
2025-10-27 11:18:51 | 8467918952 | Send Fail | Hi Nitin
2025-10-27 11:21:40 | 8467918952 | Send Fail | Hi Nitin
2025-10-27 11:21:59 | 8467918952 | Send Fail | Hi Nitin
2025-10-27 11:22:19 | 8467918952 | Send Fail | Hi Nitin
2025-10-27 11:22:42 | 8467918952 | Send Fail | Hi Nitin
2025-10-27 11:29:50 | 8467918952 | Success | Hi Nitin
2025-10-27 11:30:06 | 8467918952 | Success | Hi Nitin
2025-10-27 11:30:23 | 8467918952 | Success | Hi Nitin
2025-10-27 11:30:38 | 8467918952 | Success | Hi Nitin
2025-10-27 11:32:43 | 8467918952 | Success | Hi Nitin
2025-10-27 11:33:03 | 8467918952 | Success | Hi Nitin
2025-10-27 11:33:22 | 8467918952 | Success | Hi Nitin
2025-10-27 11:33:45 | 8467918952 | Success | Hi Nitin
2025-10-27 11:34:40 | 8467918952 | Success | Hi Nitin
2025-10-27 11:34:54 | 8467918952 | Success | Hi Nitin
2025-10-27 11:35:06 | 8467918952 | Success | Hi Nitin
2025-10-27 11:35:20 | 8467918952 | Success | Hi Nitin
2025-10-27 11:40:30 | 8467918952 | Success | Hi Nitin
2025-10-27 11:40:43 | 8467918952 | Success | Hi Nitin
2025-10-27 11:40:57 | 8467918952 | Success | Hi Nitin
2025-10-27 11:41:14 | 8467918952 | Success | Hi Nitin
2025-10-27 11:43:20 | 8467918952 | Delete Fail | Button/Option not found or error occu...
2025-10-27 11:43:39 | 8467918952 | Delete Fail | Button/Option not found or error occu...
2025-10-27 11:43:59 | 8467918952 | Delete Fail | Button/Option not found or error occu...
2025-10-27 11:44:22 | 8467918952 | Delete Fail | Button/Option not found or error occu...
2025-10-27 11:48:57 | 8467918952 | Success | Hi Nitin
2025-10-27 11:48:57 | 8467918952 | Success | Hi Nitin
2025-10-27 11:49:12 | 8467918952 | Success | Hi Nitin
2025-10-27 11:49:12 | 8467918952 | Success | Hi Nitin
2025-10-27 11:49:33 | 8467918952 | Chat Not Ready | Timeout
2025-10-27 11:49:50 | 8467918952 | Success | Hi Nitin
2025-10-27 11:50:04 | 8467918952 | Success | Hi Nitin
2025-10-27 11:50:18 | 8467918952 | Success | Hi Nitin
2025-10-27 11:50:41 | 8467918952 | Success | Hi Nitin
2025-10-27 11:51:42 | 8467918952 | Delete Fail | Button/Option not found or error occu...
2025-10-27 11:52:01 | 8467918952 | Delete Fail | Button/Option not found or error occu...
2025-10-27 11:52:14 | 8467918952 | Delete Fail | Button/Option not found or error occu...
2025-10-27 11:52:29 | 8467918952 | Delete Fail | Button/Option not found or error occu...
2025-10-27 11:55:31 | 8467918952 | Success | Hi Nitin
2025-10-27 11:55:47 | 8467918952 | Success | Hi Nitin
2025-10-27 11:56:02 | 8467918952 | Success | Hi Nitin
2025-10-27 11:56:19 | 8467918952 | Success | Hi Nitin
2025-10-27 11:59:17 | 8467918952 | Delete Fail | Button/Option not found or error occu...
2025-10-27 11:59:32 | 8467918952 | Delete Fail | Button/Option not found or error occu...
2025-10-27 11:59:51 | 8467918952 | Delete Fail | Button/Option not found or error occu...
2025-10-27 12:00:11 | 8467918952 | Delete Fail | Button/Option not found or error occu...
2025-10-27 12:06:13 | 8467918952 | Send Fail | Hi Nitin
2025-10-27 12:06:33 | 8467918952 | Send Fail | Hi Nitin
2025-10-27 12:06:54 | 8467918952 | Send Fail | Hi Nitin
2025-10-27 12:07:12 | 8467918952 | Send Fail | Hi Nitin
2025-10-27 12:11:51 | 8467918952 | Send Fail | Hi Nitin
2025-10-27 12:12:10 | 8467918952 | Send Fail | Hi Nitin
2025-10-27 12:12:31 | 8467918952 | Send Fail | Hi Nitin
2025-10-27 12:12:58 | 8467918952 | Send Fail | Hi Nitin
2025-10-27 12:13:40 | 8467918952 | Send Fail | Hi Nitin
2025-10-27 12:14:01 | 8467918952 | Send Fail | Hi Nitin
2025-10-27 12:14:21 | 8467918952 | Send Fail | Hi Nitin
2025-10-27 12:14:44 | 8467918952 | Send Fail | Hi Nitin
2025-10-27 12:17:32 | 8467918952 | Chat Not Ready | Timeout
2025-10-27 12:17:52 | 8467918952 | Chat Not Ready | Timeout
2025-10-27 12:18:04 | 8467918952 | Success | Hi Nitin
2025-10-27 12:18:16 | 8467918952 | Success | Hi Nitin
2025-10-27 12:19:15 | 8467918952 | Delete Fail | Button/Option not found or error occu...
2025-10-27 12:19:30 | 8467918952 | Delete Fail | Button/Option not found or error occu...
2025-10-27 12:19:52 | 8467918952 | Delete Fail | Button/Option not found or error occu...
2025-10-27 12:20:14 | 8467918952 | Delete Fail | Button/Option not found or error occu...
2025-10-27 12:35:48 | 8467918952 | Success | Hi Nitin
2025-10-27 12:36:03 | 8467918952 | Success | Hi Nitin
2025-10-27 12:36:18 | 8467918952 | Success | Hi Nitin
2025-10-27 12:36:33 | 8467918952 | Success | Hi Nitin
2025-10-27 12:37:54 | 8467918952 | Delete Fail | Button/Option not found or error occu...
2025-10-27 12:38:08 | 8467918952 | Delete Fail | Button/Option not found or error occu...
2025-10-27 12:38:21 | 8467918952 | Delete Fail | Button/Option not found or error occu...
2025-10-27 12:38:38 | 8467918952 | Delete Fail | Button/Option not found or error occu...
2025-10-27 12:53:07 | 8467918952 | Success | Hi Nitin
2025-10-27 12:53:21 | 8467918952 | Success | Hi Nitin
2025-10-27 12:53:35 | 8467918952 | Success | Hi Nitin
2025-10-27 12:53:47 | 8467918952 | Success | Hi Nitin
2025-10-27 12:54:35 | 8467918952 | Delete Fail | Button/Option not found or error occu...
2025-10-27 12:54:48 | 8467918952 | Delete Fail | Button/Option not found or error occu...
2025-10-27 12:55:02 | 8467918952 | Delete Fail | Button/Option not found or error occu...
2025-10-27 12:55:20 | 8467918952 | Delete Fail | Button/Option not found or error occu...
2025-10-27 14:10:09 | 8467918952 | Chat Not Ready | N/A
2025-10-27 14:10:26 | 8467918952 | Chat Not Ready | N/A
2025-10-27 14:10:50 | 8467918952 | Success | Hi Nitin
2025-10-27 14:11:13 | 8467918952 | Chat Not Ready | N/A
2025-10-27 15:10:55 | 8467918952 | Success | Hi Nitin
2025-10-27 15:11:11 | 8467918952 | Success | Hi Nitin
2025-10-27 15:11:28 | 8467918952 | Success | Hi Nitin
2025-10-27 15:11:42 | 8467918952 | Success | Hi Nitin
2025-10-27 17:29:05 | 8467918952 | Send Fail | Hi Nitin
2025-10-27 17:29:36 | 8467918952 | Send Fail | Hi Nitin
2025-10-27 17:30:06 | 8467918952 | Send Fail | Hi Nitin
2025-10-27 17:30:38 | 8467918952 | Send Fail | Hi Nitin
2025-10-27 17:48:47 | 8467918952 | Send Fail | Hi Nitin
2025-10-27 17:49:16 | 8467918952 | Send Fail | Hi Nitin
2025-10-27 17:49:38 | 8467918952 | Chat Not Ready | Timeout
2025-10-27 17:50:07 | 8467918952 | Send Fail | Hi Nitin
2025-10-28 10:57:29 | 8467918952846791895284679189528467918952 | Chat Not Ready | Timeout
2025-10-28 10:58:51 | 8467918952846791895284679189528467918952 | Chat Not Ready | Timeout
2025-10-28 11:33:00 | 8467918952 | Send Fail | Hi Nitin
2025-10-28 11:33:20 | 8467918952 | Send Fail | Hi Nitin
2025-10-28 11:33:38 | 8467918952 | Send Fail | Hi Nitin
2025-10-28 11:33:55 | 8467918952 | Send Fail | Hi Nitin
2025-10-28 11:39:08 | 8467918952 | Success | Hi Nitin
2025-10-28 11:39:35 | 8467918952 | Success | Hi Nitin
2025-10-28 11:40:02 | 8467918952 | Success | Hi Nitin
2025-10-28 11:40:28 | 8467918952 | Success | Hi Nitin
2025-10-28 11:48:42 | 8467918952 | Send Fail | Send Action Error
2025-10-28 11:49:04 | 8467918952 | Send Fail | Send Action Error
2025-10-28 11:49:26 | 8467918952 | Send Fail | Send Action Error
2025-10-28 11:49:48 | 8467918952 | Send Fail | Send Action Error
2025-10-28 11:54:54 | 8467918952 | Send Fail | Send Action Error
2025-10-28 11:55:19 | 8467918952 | Send Fail | Send Action Error
2025-10-28 11:55:44 | 8467918952 | Send Fail | Send Action Error
2025-10-28 11:56:06 | 8467918952 | Send Fail | Send Action Error
2025-10-28 11:59:09 | 8467918952 | Success | Hi Nitin
2025-10-28 11:59:24 | 8467918952 | Success | Hi Nitin
2025-10-28 11:59:37 | 8467918952 | Success | Hi Nitin
2025-10-28 11:59:48 | 8467918952 | Success | Hi Nitin
2025-10-28 13:38:28 | 8467918952 | Success | Hi Nitin
2025-10-28 13:38:41 | 8467918952 | Success | Hi Nitin
2025-10-28 13:38:53 | 8467918952 | Success | Hi Nitin
2025-10-28 13:39:04 | 8467918952 | Success | Hi Nitin
